Using pre-set license
Built from '2020.3/staging' branch; Version is '2020.3.11f1 (99c7afb366b3) revision 10078127'; Using compiler version '192528614'; Build Type 'Release'
OS: 'Windows 10 Education; OS build 19043.1237; Version 2009; 64bit' Language: 'en' Physical Memory: 16327 MB
BatchMode: 1, IsHumanControllingUs: 0, StartBugReporterOnCrash: 0, Is64bit: 1, IsPro: 0

 COMMAND LINE ARGUMENTS:
D:\Unity\2020.3.11f1\Editor\Unity.exe
-adb2
-batchMode
-noUpm
-name
AssetImportWorker0
-projectPath
E:/PROGS/Piano-Journey/Piano Journey
-logFile
Logs/AssetImportWorker0.log
-srvPort
64433
Successfully changed project path to: E:/PROGS/Piano-Journey/Piano Journey
E:/PROGS/Piano-Journey/Piano Journey
Using Asset Import Pipeline V2.
Refreshing native plugins compatible for Editor in 49.08 ms, found 4 plugins.
Preloading 0 native plugins for Editor in 0.00 ms.
Initialize engine version: 2020.3.11f1 (99c7afb366b3)
[Subsystems] Discovering subsystems at path D:/Unity/2020.3.11f1/Editor/Data/Resources/UnitySubsystems
[Subsystems] Discovering subsystems at path E:/PROGS/Piano-Journey/Piano Journey/Assets
GfxDevice: creating device client; threaded=0
Direct3D:
    Version:  Direct3D 11.0 [level 11.1]
    Renderer: AMD Radeon (TM) R9 380 Series (ID=0x6939)
    Vendor:   
    VRAM:     4070 MB
    Driver:   27.20.21003.1028
Initialize mono
Mono path[0] = 'D:/Unity/2020.3.11f1/Editor/Data/Managed'
Mono path[1] = 'D:/Unity/2020.3.11f1/Editor/Data/MonoBleedingEdge/lib/mono/unityjit'
Mono config path = 'D:/Unity/2020.3.11f1/Editor/Data/MonoBleedingEdge/etc'
Using monoOptions --debugger-agent=transport=dt_socket,embedding=1,server=y,suspend=n,address=127.0.0.1:56124
Begin MonoManager ReloadAssembly
Registering precompiled unity dll's ...
Register platform support module: D:/Unity/2020.3.11f1/Editor/Data/PlaybackEngines/WindowsStandaloneSupport/UnityEditor.WindowsStandalone.Extensions.dll
Registered in 0.000951 seconds.
Native extension for WindowsStandalone target not found
Refreshing native plugins compatible for Editor in 45.83 ms, found 4 plugins.
Preloading 0 native plugins for Editor in 0.00 ms.
Mono: successfully reloaded assembly
- Completed reload, in  0.886 seconds
Platform modules already initialized, skipping
Registering precompiled user dll's ...
Registered in 0.003246 seconds.
Begin MonoManager ReloadAssembly
Native extension for WindowsStandalone target not found
Refreshing native plugins compatible for Editor in 50.80 ms, found 4 plugins.
Preloading 0 native plugins for Editor in 0.00 ms.
Mono: successfully reloaded assembly
- Completed reload, in  1.228 seconds
Platform modules already initialized, skipping
========================================================================
Worker process is ready to serve import requests
Launched and connected shader compiler UnityShaderCompiler.exe after 0.05 seconds
Refreshing native plugins compatible for Editor in 0.56 ms, found 4 plugins.
Preloading 0 native plugins for Editor in 0.00 ms.
Unloading 2390 Unused Serialized files (Serialized files now loaded: 0)
System memory in use before: 103.7 MB.
System memory in use after: 103.8 MB.

Unloading 38 unused Assets to reduce memory usage. Loaded Objects now: 2822.
Total: 2.996600 ms (FindLiveObjects: 0.216800 ms CreateObjectMapping: 0.102600 ms MarkObjects: 2.533700 ms  DeleteObjects: 0.142100 ms)

========================================================================
Received Import Request.
  path: Assets/InputSystem.inputsettings.asset
  artifactKey: Guid(0a7b06207eed44e46aeac0a0941813e8) Importer(815301076,1909f56bfc062723c751e8b465ee728b)
Start importing Assets/InputSystem.inputsettings.asset using Guid(0a7b06207eed44e46aeac0a0941813e8) Importer(815301076,1909f56bfc062723c751e8b465ee728b)  -> (artifact id: '1cc4e1c9ff1a552b88dd6e8772ab7013') in 0.045216 seconds
  Import took 0.049195 seconds .

========================================================================
Received Import Request.
  Time since last request: 0.003567 seconds.
  path: Assets/InputSystem.inputsettings.asset
  artifactKey: Guid(0a7b06207eed44e46aeac0a0941813e8) Importer(815301076,1909f56bfc062723c751e8b465ee728b)
Start importing Assets/InputSystem.inputsettings.asset using Guid(0a7b06207eed44e46aeac0a0941813e8) Importer(815301076,1909f56bfc062723c751e8b465ee728b)  -> (artifact id: '1cc4e1c9ff1a552b88dd6e8772ab7013') in 0.002070 seconds
  Import took 0.005917 seconds .

========================================================================
Received Import Request.
  Time since last request: 3643.438415 seconds.
  path: Assets/Inputs/Piano Journey.inputactions
  artifactKey: Guid(4b2a29c55d819ce48b4a879a246443d1) Importer(815301076,1909f56bfc062723c751e8b465ee728b)
Start importing Assets/Inputs/Piano Journey.inputactions using Guid(4b2a29c55d819ce48b4a879a246443d1) Importer(815301076,1909f56bfc062723c751e8b465ee728b)  -> (artifact id: 'b5878456f19b88f60088abdebee2d115') in 0.022541 seconds
  Import took 0.028059 seconds .

========================================================================
Received Import Request.
  Time since last request: 0.001696 seconds.
  path: Assets/Inputs/Piano Journey.inputactions
  artifactKey: Guid(4b2a29c55d819ce48b4a879a246443d1) Importer(815301076,1909f56bfc062723c751e8b465ee728b)
Start importing Assets/Inputs/Piano Journey.inputactions using Guid(4b2a29c55d819ce48b4a879a246443d1) Importer(815301076,1909f56bfc062723c751e8b465ee728b)  -> (artifact id: 'b5878456f19b88f60088abdebee2d115') in 0.006061 seconds
  Import took 0.011542 seconds .

========================================================================
Received Import Request.
  Time since last request: 16.676368 seconds.
  path: Assets/Objects
  artifactKey: Guid(51150a1d0d5239f47a649ed59d0d9995) Importer(815301076,1909f56bfc062723c751e8b465ee728b)
Start importing Assets/Objects using Guid(51150a1d0d5239f47a649ed59d0d9995) Importer(815301076,1909f56bfc062723c751e8b465ee728b)  -> (artifact id: '57541acdad7dfd945e971b26d1508d6d') in 0.006443 seconds
  Import took 0.010683 seconds .

========================================================================
Received Prepare
Registering precompiled user dll's ...
Registered in 0.003006 seconds.
Begin MonoManager ReloadAssembly
Native extension for WindowsStandalone target not found
Refreshing native plugins compatible for Editor in 0.53 ms, found 4 plugins.
Preloading 0 native plugins for Editor in 0.00 ms.
Mono: successfully reloaded assembly
- Completed reload, in  1.021 seconds
Platform modules already initialized, skipping
Refreshing native plugins compatible for Editor in 0.52 ms, found 4 plugins.
Preloading 0 native plugins for Editor in 0.00 ms.
Unloading 2385 Unused Serialized files (Serialized files now loaded: 0)
System memory in use before: 103.9 MB.
System memory in use after: 104.0 MB.

Unloading 24 unused Assets to reduce memory usage. Loaded Objects now: 2826.
Total: 2.746100 ms (FindLiveObjects: 0.259300 ms CreateObjectMapping: 0.188200 ms MarkObjects: 2.197600 ms  DeleteObjects: 0.100000 ms)

========================================================================
Received Prepare
Registering precompiled user dll's ...
Registered in 0.002959 seconds.
Begin MonoManager ReloadAssembly
Native extension for WindowsStandalone target not found
Refreshing native plugins compatible for Editor in 0.53 ms, found 4 plugins.
Preloading 0 native plugins for Editor in 0.00 ms.
Mono: successfully reloaded assembly
- Completed reload, in  1.003 seconds
Platform modules already initialized, skipping
Refreshing native plugins compatible for Editor in 0.52 ms, found 4 plugins.
Preloading 0 native plugins for Editor in 0.00 ms.
Unloading 2386 Unused Serialized files (Serialized files now loaded: 0)
System memory in use before: 104.0 MB.
System memory in use after: 104.1 MB.

Unloading 24 unused Assets to reduce memory usage. Loaded Objects now: 2831.
Total: 2.738700 ms (FindLiveObjects: 0.250000 ms CreateObjectMapping: 0.183900 ms MarkObjects: 2.199500 ms  DeleteObjects: 0.104500 ms)

========================================================================
Received Import Request.
  Time since last request: 1375.628569 seconds.
  path: Assets
  artifactKey: Guid(00000000000000001000000000000000) Importer(815301076,1909f56bfc062723c751e8b465ee728b)
Start importing Assets using Guid(00000000000000001000000000000000) Importer(815301076,1909f56bfc062723c751e8b465ee728b)  -> (artifact id: '42d402b061de3733987d63b9cc3b64de') in 0.009052 seconds
  Import took 0.013199 seconds .

========================================================================
Received Import Request.
  Time since last request: 0.000221 seconds.
  path: Assets
  artifactKey: Guid(00000000000000001000000000000000) Importer(815301076,1909f56bfc062723c751e8b465ee728b)
Start importing Assets using Guid(00000000000000001000000000000000) Importer(815301076,1909f56bfc062723c751e8b465ee728b)  -> (artifact id: '42d402b061de3733987d63b9cc3b64de') in 0.001620 seconds
  Import took 0.006192 seconds .

========================================================================
Received Import Request.
  Time since last request: 6.199638 seconds.
  path: Assets/Scripts
  artifactKey: Guid(95120f94779d58743b42d6add06969f0) Importer(815301076,1909f56bfc062723c751e8b465ee728b)
Start importing Assets/Scripts using Guid(95120f94779d58743b42d6add06969f0) Importer(815301076,1909f56bfc062723c751e8b465ee728b)  -> (artifact id: 'a27f074d1018fbd89a6d018e6a425907') in 0.006196 seconds
  Import took 0.009765 seconds .

========================================================================
Received Prepare
Registering precompiled user dll's ...
Registered in 0.003156 seconds.
Begin MonoManager ReloadAssembly
Native extension for WindowsStandalone target not found
Refreshing native plugins compatible for Editor in 0.56 ms, found 4 plugins.
Preloading 0 native plugins for Editor in 0.00 ms.
Mono: successfully reloaded assembly
- Completed reload, in  1.477 seconds
Platform modules already initialized, skipping
Refreshing native plugins compatible for Editor in 0.75 ms, found 4 plugins.
Preloading 0 native plugins for Editor in 0.00 ms.
Unloading 2386 Unused Serialized files (Serialized files now loaded: 0)
System memory in use before: 104.0 MB.
System memory in use after: 104.1 MB.

Unloading 24 unused Assets to reduce memory usage. Loaded Objects now: 2835.
Total: 168.033500 ms (FindLiveObjects: 0.407800 ms CreateObjectMapping: 163.737600 ms MarkObjects: 3.752200 ms  DeleteObjects: 0.133800 ms)

========================================================================
Received Import Request.
  Time since last request: 8.049271 seconds.
  path: Assets/Scripts/MovementTest.cs
  artifactKey: Guid(1e687f97d8b3a194095af90ef3c1a5ac) Importer(815301076,1909f56bfc062723c751e8b465ee728b)
Start importing Assets/Scripts/MovementTest.cs using Guid(1e687f97d8b3a194095af90ef3c1a5ac) Importer(815301076,1909f56bfc062723c751e8b465ee728b)  -> (artifact id: 'fcf02e7583b4245f6348d8669dd399ae') in 0.271820 seconds
  Import took 0.305791 seconds .

AssetImportWorkerClient::OnTransportError - code=2 error=End of file
