Using pre-set license
Built from '2020.3/staging' branch; Version is '2020.3.11f1 (99c7afb366b3) revision 10078127'; Using compiler version '192528614'; Build Type 'Release'
OS: 'Windows 10 Education; OS build 19043.1237; Version 2009; 64bit' Language: 'en' Physical Memory: 16327 MB
BatchMode: 1, IsHumanControllingUs: 0, StartBugReporterOnCrash: 0, Is64bit: 1, IsPro: 0

 COMMAND LINE ARGUMENTS:
D:\Unity\2020.3.11f1\Editor\Unity.exe
-adb2
-batchMode
-noUpm
-name
AssetImportWorker0
-projectPath
E:/PROGS/Piano-Journey/Piano Journey
-logFile
Logs/AssetImportWorker0.log
-srvPort
49478
Successfully changed project path to: E:/PROGS/Piano-Journey/Piano Journey
E:/PROGS/Piano-Journey/Piano Journey
Using Asset Import Pipeline V2.
Refreshing native plugins compatible for Editor in 45.89 ms, found 4 plugins.
Preloading 0 native plugins for Editor in 0.00 ms.
Initialize engine version: 2020.3.11f1 (99c7afb366b3)
[Subsystems] Discovering subsystems at path D:/Unity/2020.3.11f1/Editor/Data/Resources/UnitySubsystems
[Subsystems] Discovering subsystems at path E:/PROGS/Piano-Journey/Piano Journey/Assets
GfxDevice: creating device client; threaded=0
Direct3D:
    Version:  Direct3D 11.0 [level 11.1]
    Renderer: AMD Radeon (TM) R9 380 Series (ID=0x6939)
    Vendor:   
    VRAM:     4070 MB
    Driver:   27.20.21003.1028
Initialize mono
Mono path[0] = 'D:/Unity/2020.3.11f1/Editor/Data/Managed'
Mono path[1] = 'D:/Unity/2020.3.11f1/Editor/Data/MonoBleedingEdge/lib/mono/unityjit'
Mono config path = 'D:/Unity/2020.3.11f1/Editor/Data/MonoBleedingEdge/etc'
Using monoOptions --debugger-agent=transport=dt_socket,embedding=1,server=y,suspend=n,address=127.0.0.1:56616
Begin MonoManager ReloadAssembly
Registering precompiled unity dll's ...
Register platform support module: D:/Unity/2020.3.11f1/Editor/Data/PlaybackEngines/WindowsStandaloneSupport/UnityEditor.WindowsStandalone.Extensions.dll
Registered in 0.000937 seconds.
Native extension for WindowsStandalone target not found
Refreshing native plugins compatible for Editor in 45.59 ms, found 4 plugins.
Preloading 0 native plugins for Editor in 0.00 ms.
Mono: successfully reloaded assembly
- Completed reload, in  0.874 seconds
Platform modules already initialized, skipping
Registering precompiled user dll's ...
Registered in 0.003044 seconds.
Begin MonoManager ReloadAssembly
Native extension for WindowsStandalone target not found
Refreshing native plugins compatible for Editor in 44.38 ms, found 4 plugins.
Preloading 0 native plugins for Editor in 0.00 ms.
Mono: successfully reloaded assembly
- Completed reload, in  1.120 seconds
Platform modules already initialized, skipping
========================================================================
Worker process is ready to serve import requests
Launched and connected shader compiler UnityShaderCompiler.exe after 0.05 seconds
Refreshing native plugins compatible for Editor in 0.48 ms, found 4 plugins.
Preloading 0 native plugins for Editor in 0.00 ms.
Unloading 2400 Unused Serialized files (Serialized files now loaded: 0)
System memory in use before: 104.0 MB.
System memory in use after: 104.0 MB.

Unloading 38 unused Assets to reduce memory usage. Loaded Objects now: 2831.
Total: 2.696500 ms (FindLiveObjects: 0.337400 ms CreateObjectMapping: 0.208800 ms MarkObjects: 2.025800 ms  DeleteObjects: 0.123000 ms)

========================================================================
Received Import Request.
  path: Assets/Inputs/InputMaster.inputactions
  artifactKey: Guid(eb27f722350ad844e8521b63caa79608) Importer(815301076,1909f56bfc062723c751e8b465ee728b)
Start importing Assets/Inputs/InputMaster.inputactions using Guid(eb27f722350ad844e8521b63caa79608) Importer(815301076,1909f56bfc062723c751e8b465ee728b)  -> (artifact id: '466e34f066381306070a714f3da4e1ae') in 0.052697 seconds
  Import took 0.056435 seconds .

========================================================================
Received Import Request.
  Time since last request: 1.705860 seconds.
  path: Assets/Inputs/InputMaster.inputactions
  artifactKey: Guid(eb27f722350ad844e8521b63caa79608) Importer(815301076,1909f56bfc062723c751e8b465ee728b)
Start importing Assets/Inputs/InputMaster.inputactions using Guid(eb27f722350ad844e8521b63caa79608) Importer(815301076,1909f56bfc062723c751e8b465ee728b)  -> (artifact id: '046f205b1aa23131057da1880129ef1b') in 0.006285 seconds
  Import took 0.011423 seconds .

========================================================================
Received Prepare
Registering precompiled user dll's ...
Registered in 0.003007 seconds.
Begin MonoManager ReloadAssembly
Native extension for WindowsStandalone target not found
Refreshing native plugins compatible for Editor in 0.51 ms, found 4 plugins.
Preloading 0 native plugins for Editor in 0.00 ms.
Mono: successfully reloaded assembly
- Completed reload, in  0.974 seconds
Platform modules already initialized, skipping
Refreshing native plugins compatible for Editor in 0.63 ms, found 4 plugins.
Preloading 0 native plugins for Editor in 0.00 ms.
Unloading 2395 Unused Serialized files (Serialized files now loaded: 0)
System memory in use before: 104.2 MB.
System memory in use after: 104.3 MB.

Unloading 24 unused Assets to reduce memory usage. Loaded Objects now: 2836.
Total: 2.718000 ms (FindLiveObjects: 0.256800 ms CreateObjectMapping: 0.190500 ms MarkObjects: 2.171400 ms  DeleteObjects: 0.098400 ms)

========================================================================
Received Prepare
Registering precompiled user dll's ...
Registered in 0.003011 seconds.
Begin MonoManager ReloadAssembly
Native extension for WindowsStandalone target not found
Refreshing native plugins compatible for Editor in 0.53 ms, found 4 plugins.
Preloading 0 native plugins for Editor in 0.00 ms.
Mono: successfully reloaded assembly
- Completed reload, in  0.990 seconds
Platform modules already initialized, skipping
Refreshing native plugins compatible for Editor in 0.50 ms, found 4 plugins.
Preloading 0 native plugins for Editor in 0.00 ms.
Unloading 2395 Unused Serialized files (Serialized files now loaded: 0)
System memory in use before: 104.2 MB.
System memory in use after: 104.3 MB.

Unloading 24 unused Assets to reduce memory usage. Loaded Objects now: 2840.
Total: 2.658300 ms (FindLiveObjects: 0.243400 ms CreateObjectMapping: 0.183300 ms MarkObjects: 2.133500 ms  DeleteObjects: 0.097200 ms)

========================================================================
Received Prepare
Registering precompiled user dll's ...
Registered in 0.004277 seconds.
Begin MonoManager ReloadAssembly
Native extension for WindowsStandalone target not found
Refreshing native plugins compatible for Editor in 0.55 ms, found 4 plugins.
Preloading 0 native plugins for Editor in 0.00 ms.
Mono: successfully reloaded assembly
- Completed reload, in  0.991 seconds
Platform modules already initialized, skipping
Refreshing native plugins compatible for Editor in 0.53 ms, found 4 plugins.
Preloading 0 native plugins for Editor in 0.00 ms.
Unloading 2395 Unused Serialized files (Serialized files now loaded: 0)
System memory in use before: 104.3 MB.
System memory in use after: 104.4 MB.

Unloading 24 unused Assets to reduce memory usage. Loaded Objects now: 2844.
Total: 2.815100 ms (FindLiveObjects: 0.244100 ms CreateObjectMapping: 0.163700 ms MarkObjects: 2.297900 ms  DeleteObjects: 0.108000 ms)

========================================================================
Received Prepare
Registering precompiled user dll's ...
Registered in 0.003179 seconds.
Begin MonoManager ReloadAssembly
Native extension for WindowsStandalone target not found
Refreshing native plugins compatible for Editor in 0.53 ms, found 4 plugins.
Preloading 0 native plugins for Editor in 0.00 ms.
Mono: successfully reloaded assembly
- Completed reload, in  0.983 seconds
Platform modules already initialized, skipping
Refreshing native plugins compatible for Editor in 0.51 ms, found 4 plugins.
Preloading 0 native plugins for Editor in 0.00 ms.
Unloading 2395 Unused Serialized files (Serialized files now loaded: 0)
System memory in use before: 104.3 MB.
System memory in use after: 104.4 MB.

Unloading 24 unused Assets to reduce memory usage. Loaded Objects now: 2848.
Total: 2.992500 ms (FindLiveObjects: 0.270800 ms CreateObjectMapping: 0.220000 ms MarkObjects: 2.391300 ms  DeleteObjects: 0.109000 ms)

========================================================================
Received Prepare
Registering precompiled user dll's ...
Registered in 0.003062 seconds.
Begin MonoManager ReloadAssembly
Native extension for WindowsStandalone target not found
Refreshing native plugins compatible for Editor in 0.53 ms, found 4 plugins.
Preloading 0 native plugins for Editor in 0.00 ms.
Mono: successfully reloaded assembly
- Completed reload, in  0.998 seconds
Platform modules already initialized, skipping
Refreshing native plugins compatible for Editor in 0.52 ms, found 4 plugins.
Preloading 0 native plugins for Editor in 0.00 ms.
Unloading 2395 Unused Serialized files (Serialized files now loaded: 0)
System memory in use before: 104.2 MB.
System memory in use after: 104.3 MB.

Unloading 24 unused Assets to reduce memory usage. Loaded Objects now: 2852.
Total: 2.764100 ms (FindLiveObjects: 0.259300 ms CreateObjectMapping: 0.189500 ms MarkObjects: 2.203900 ms  DeleteObjects: 0.110300 ms)

========================================================================
Received Import Request.
  Time since last request: 385.228951 seconds.
  path: Assets/InputTest.cs
  artifactKey: Guid(6de01a0cd9709834cbb34ae3963890c4) Importer(815301076,1909f56bfc062723c751e8b465ee728b)
Start importing Assets/InputTest.cs using Guid(6de01a0cd9709834cbb34ae3963890c4) Importer(815301076,1909f56bfc062723c751e8b465ee728b)  -> (artifact id: '01a4fcf415561ec5ad929ee70505bc2c') in 0.008419 seconds
  Import took 0.012113 seconds .

========================================================================
Received Import Request.
  Time since last request: 0.017409 seconds.
  path: Assets/InputTest.cs
  artifactKey: Guid(6de01a0cd9709834cbb34ae3963890c4) Importer(815301076,1909f56bfc062723c751e8b465ee728b)
Start importing Assets/InputTest.cs using Guid(6de01a0cd9709834cbb34ae3963890c4) Importer(815301076,1909f56bfc062723c751e8b465ee728b)  -> (artifact id: '01a4fcf415561ec5ad929ee70505bc2c') in 0.007940 seconds
  Import took 0.011670 seconds .

========================================================================
Received Import Request.
  Time since last request: 6.893487 seconds.
  path: Packages/com.unity.2d.sprite/Editor/ObjectMenuCreation/DefaultAssets/Textures/Square.png
  artifactKey: Guid(48e93eef0688c4a259cb0eddcd8661f7) Importer(815301076,1909f56bfc062723c751e8b465ee728b)
Start importing Packages/com.unity.2d.sprite/Editor/ObjectMenuCreation/DefaultAssets/Textures/Square.png using Guid(48e93eef0688c4a259cb0eddcd8661f7) Importer(815301076,1909f56bfc062723c751e8b465ee728b)  -> (artifact id: '67f9d2c87602c9de665cd5edc8b46197') in 0.116867 seconds
  Import took 0.120871 seconds .

========================================================================
Received Import Request.
  Time since last request: 0.010200 seconds.
  path: Packages/com.unity.2d.sprite/Editor/ObjectMenuCreation/DefaultAssets/Textures/Square.png
  artifactKey: Guid(48e93eef0688c4a259cb0eddcd8661f7) Importer(815301076,1909f56bfc062723c751e8b465ee728b)
Start importing Packages/com.unity.2d.sprite/Editor/ObjectMenuCreation/DefaultAssets/Textures/Square.png using Guid(48e93eef0688c4a259cb0eddcd8661f7) Importer(815301076,1909f56bfc062723c751e8b465ee728b)  -> (artifact id: '67f9d2c87602c9de665cd5edc8b46197') in 0.008352 seconds
  Import took 0.013285 seconds .

========================================================================
Received Prepare
Registering precompiled user dll's ...
Registered in 0.002991 seconds.
Begin MonoManager ReloadAssembly
Native extension for WindowsStandalone target not found
Refreshing native plugins compatible for Editor in 0.53 ms, found 4 plugins.
Preloading 0 native plugins for Editor in 0.00 ms.
Mono: successfully reloaded assembly
- Completed reload, in  1.078 seconds
Platform modules already initialized, skipping
Refreshing native plugins compatible for Editor in 0.49 ms, found 4 plugins.
Preloading 0 native plugins for Editor in 0.00 ms.
Unloading 2395 Unused Serialized files (Serialized files now loaded: 0)
System memory in use before: 107.4 MB.
System memory in use after: 107.4 MB.

Unloading 24 unused Assets to reduce memory usage. Loaded Objects now: 2862.
Total: 2.500300 ms (FindLiveObjects: 0.212600 ms CreateObjectMapping: 0.095700 ms MarkObjects: 2.091100 ms  DeleteObjects: 0.099800 ms)

========================================================================
Received Prepare
Registering precompiled user dll's ...
Registered in 0.003279 seconds.
Begin MonoManager ReloadAssembly
Native extension for WindowsStandalone target not found
Refreshing native plugins compatible for Editor in 0.54 ms, found 4 plugins.
Preloading 0 native plugins for Editor in 0.00 ms.
Mono: successfully reloaded assembly
- Completed reload, in  0.969 seconds
Platform modules already initialized, skipping
Refreshing native plugins compatible for Editor in 0.52 ms, found 4 plugins.
Preloading 0 native plugins for Editor in 0.00 ms.
Unloading 2395 Unused Serialized files (Serialized files now loaded: 0)
System memory in use before: 107.4 MB.
System memory in use after: 107.5 MB.

Unloading 24 unused Assets to reduce memory usage. Loaded Objects now: 2866.
Total: 3.108000 ms (FindLiveObjects: 0.360900 ms CreateObjectMapping: 0.228400 ms MarkObjects: 2.226900 ms  DeleteObjects: 0.290700 ms)

========================================================================
Received Prepare
Registering precompiled user dll's ...
Registered in 0.002864 seconds.
Begin MonoManager ReloadAssembly
Native extension for WindowsStandalone target not found
Refreshing native plugins compatible for Editor in 0.53 ms, found 4 plugins.
Preloading 0 native plugins for Editor in 0.00 ms.
Mono: successfully reloaded assembly
- Completed reload, in  0.989 seconds
Platform modules already initialized, skipping
Refreshing native plugins compatible for Editor in 0.50 ms, found 4 plugins.
Preloading 0 native plugins for Editor in 0.00 ms.
Unloading 2395 Unused Serialized files (Serialized files now loaded: 0)
System memory in use before: 107.4 MB.
System memory in use after: 107.5 MB.

Unloading 24 unused Assets to reduce memory usage. Loaded Objects now: 2870.
Total: 2.479400 ms (FindLiveObjects: 0.255900 ms CreateObjectMapping: 0.220000 ms MarkObjects: 1.904500 ms  DeleteObjects: 0.098100 ms)

========================================================================
Received Prepare
Registering precompiled user dll's ...
Registered in 0.002864 seconds.
Begin MonoManager ReloadAssembly
Native extension for WindowsStandalone target not found
Refreshing native plugins compatible for Editor in 0.54 ms, found 4 plugins.
Preloading 0 native plugins for Editor in 0.00 ms.
Mono: successfully reloaded assembly
- Completed reload, in  0.987 seconds
Platform modules already initialized, skipping
Refreshing native plugins compatible for Editor in 0.50 ms, found 4 plugins.
Preloading 0 native plugins for Editor in 0.00 ms.
Unloading 2395 Unused Serialized files (Serialized files now loaded: 0)
System memory in use before: 107.4 MB.
System memory in use after: 107.5 MB.

Unloading 24 unused Assets to reduce memory usage. Loaded Objects now: 2874.
Total: 2.461300 ms (FindLiveObjects: 0.205400 ms CreateObjectMapping: 0.094800 ms MarkObjects: 2.040700 ms  DeleteObjects: 0.119400 ms)

========================================================================
Received Prepare
Registering precompiled user dll's ...
Registered in 0.003519 seconds.
Begin MonoManager ReloadAssembly
Native extension for WindowsStandalone target not found
Refreshing native plugins compatible for Editor in 0.51 ms, found 4 plugins.
Preloading 0 native plugins for Editor in 0.00 ms.
Mono: successfully reloaded assembly
- Completed reload, in  1.043 seconds
Platform modules already initialized, skipping
Refreshing native plugins compatible for Editor in 0.51 ms, found 4 plugins.
Preloading 0 native plugins for Editor in 0.00 ms.
Unloading 2395 Unused Serialized files (Serialized files now loaded: 0)
System memory in use before: 107.3 MB.
System memory in use after: 107.4 MB.

Unloading 24 unused Assets to reduce memory usage. Loaded Objects now: 2878.
Total: 2.397600 ms (FindLiveObjects: 0.207500 ms CreateObjectMapping: 0.092700 ms MarkObjects: 1.990500 ms  DeleteObjects: 0.105900 ms)

========================================================================
Received Prepare
Registering precompiled user dll's ...
Registered in 0.003029 seconds.
Begin MonoManager ReloadAssembly
Native extension for WindowsStandalone target not found
Refreshing native plugins compatible for Editor in 0.53 ms, found 4 plugins.
Preloading 0 native plugins for Editor in 0.00 ms.
Mono: successfully reloaded assembly
- Completed reload, in  0.974 seconds
Platform modules already initialized, skipping
Refreshing native plugins compatible for Editor in 0.53 ms, found 4 plugins.
Preloading 0 native plugins for Editor in 0.00 ms.
Unloading 2395 Unused Serialized files (Serialized files now loaded: 0)
System memory in use before: 107.4 MB.
System memory in use after: 107.5 MB.

Unloading 24 unused Assets to reduce memory usage. Loaded Objects now: 2882.
Total: 2.809400 ms (FindLiveObjects: 0.283700 ms CreateObjectMapping: 0.209900 ms MarkObjects: 2.211700 ms  DeleteObjects: 0.102900 ms)

========================================================================
Received Prepare
Registering precompiled user dll's ...
Registered in 0.003060 seconds.
Begin MonoManager ReloadAssembly
Native extension for WindowsStandalone target not found
Refreshing native plugins compatible for Editor in 0.54 ms, found 4 plugins.
Preloading 0 native plugins for Editor in 0.00 ms.
Mono: successfully reloaded assembly
- Completed reload, in  0.966 seconds
Platform modules already initialized, skipping
Refreshing native plugins compatible for Editor in 0.51 ms, found 4 plugins.
Preloading 0 native plugins for Editor in 0.00 ms.
Unloading 2395 Unused Serialized files (Serialized files now loaded: 0)
System memory in use before: 107.4 MB.
System memory in use after: 107.5 MB.

Unloading 24 unused Assets to reduce memory usage. Loaded Objects now: 2886.
Total: 2.646500 ms (FindLiveObjects: 0.247400 ms CreateObjectMapping: 0.182500 ms MarkObjects: 2.114600 ms  DeleteObjects: 0.100900 ms)

========================================================================
Received Prepare
Registering precompiled user dll's ...
Registered in 0.003288 seconds.
Begin MonoManager ReloadAssembly
Native extension for WindowsStandalone target not found
Refreshing native plugins compatible for Editor in 0.52 ms, found 4 plugins.
Preloading 0 native plugins for Editor in 0.00 ms.
Mono: successfully reloaded assembly
- Completed reload, in  0.998 seconds
Platform modules already initialized, skipping
Refreshing native plugins compatible for Editor in 0.57 ms, found 4 plugins.
Preloading 0 native plugins for Editor in 0.00 ms.
Unloading 2395 Unused Serialized files (Serialized files now loaded: 0)
System memory in use before: 107.4 MB.
System memory in use after: 107.5 MB.

Unloading 24 unused Assets to reduce memory usage. Loaded Objects now: 2890.
Total: 2.310400 ms (FindLiveObjects: 0.200000 ms CreateObjectMapping: 0.096300 ms MarkObjects: 1.907400 ms  DeleteObjects: 0.105700 ms)

========================================================================
Received Prepare
Registering precompiled user dll's ...
Registered in 0.002955 seconds.
Begin MonoManager ReloadAssembly
Native extension for WindowsStandalone target not found
Refreshing native plugins compatible for Editor in 0.52 ms, found 4 plugins.
Preloading 0 native plugins for Editor in 0.00 ms.
Mono: successfully reloaded assembly
- Completed reload, in  0.964 seconds
Platform modules already initialized, skipping
Refreshing native plugins compatible for Editor in 0.50 ms, found 4 plugins.
Preloading 0 native plugins for Editor in 0.00 ms.
Unloading 2395 Unused Serialized files (Serialized files now loaded: 0)
System memory in use before: 107.4 MB.
System memory in use after: 107.5 MB.

Unloading 24 unused Assets to reduce memory usage. Loaded Objects now: 2894.
Total: 2.749900 ms (FindLiveObjects: 0.252600 ms CreateObjectMapping: 0.181300 ms MarkObjects: 2.210600 ms  DeleteObjects: 0.104200 ms)

========================================================================
Received Prepare
Registering precompiled user dll's ...
Registered in 0.003035 seconds.
Begin MonoManager ReloadAssembly
Native extension for WindowsStandalone target not found
Refreshing native plugins compatible for Editor in 0.53 ms, found 4 plugins.
Preloading 0 native plugins for Editor in 0.00 ms.
Mono: successfully reloaded assembly
- Completed reload, in  0.989 seconds
Platform modules already initialized, skipping
Refreshing native plugins compatible for Editor in 0.50 ms, found 4 plugins.
Preloading 0 native plugins for Editor in 0.00 ms.
Unloading 2395 Unused Serialized files (Serialized files now loaded: 0)
System memory in use before: 107.4 MB.
System memory in use after: 107.4 MB.

Unloading 24 unused Assets to reduce memory usage. Loaded Objects now: 2898.
Total: 2.686500 ms (FindLiveObjects: 0.248300 ms CreateObjectMapping: 0.178700 ms MarkObjects: 2.140400 ms  DeleteObjects: 0.118500 ms)

========================================================================
Received Prepare
Registering precompiled user dll's ...
Registered in 0.002921 seconds.
Begin MonoManager ReloadAssembly
Native extension for WindowsStandalone target not found
Refreshing native plugins compatible for Editor in 0.54 ms, found 4 plugins.
Preloading 0 native plugins for Editor in 0.00 ms.
Mono: successfully reloaded assembly
- Completed reload, in  0.949 seconds
Platform modules already initialized, skipping
Refreshing native plugins compatible for Editor in 0.51 ms, found 4 plugins.
Preloading 0 native plugins for Editor in 0.00 ms.
Unloading 2395 Unused Serialized files (Serialized files now loaded: 0)
System memory in use before: 107.5 MB.
System memory in use after: 107.5 MB.

Unloading 24 unused Assets to reduce memory usage. Loaded Objects now: 2902.
Total: 2.527700 ms (FindLiveObjects: 0.212600 ms CreateObjectMapping: 0.093900 ms MarkObjects: 2.091500 ms  DeleteObjects: 0.128100 ms)

========================================================================
Received Prepare
Registering precompiled user dll's ...
Registered in 0.003532 seconds.
Begin MonoManager ReloadAssembly
Native extension for WindowsStandalone target not found
Refreshing native plugins compatible for Editor in 0.54 ms, found 4 plugins.
Preloading 0 native plugins for Editor in 0.00 ms.
Mono: successfully reloaded assembly
- Completed reload, in  1.037 seconds
Platform modules already initialized, skipping
Refreshing native plugins compatible for Editor in 0.52 ms, found 4 plugins.
Preloading 0 native plugins for Editor in 0.00 ms.
Unloading 2395 Unused Serialized files (Serialized files now loaded: 0)
System memory in use before: 107.5 MB.
System memory in use after: 107.5 MB.

Unloading 24 unused Assets to reduce memory usage. Loaded Objects now: 2906.
Total: 2.881500 ms (FindLiveObjects: 0.259500 ms CreateObjectMapping: 0.183900 ms MarkObjects: 2.331700 ms  DeleteObjects: 0.105300 ms)

========================================================================
Received Prepare
Registering precompiled user dll's ...
Registered in 0.002910 seconds.
Begin MonoManager ReloadAssembly
Native extension for WindowsStandalone target not found
Refreshing native plugins compatible for Editor in 0.52 ms, found 4 plugins.
Preloading 0 native plugins for Editor in 0.00 ms.
Mono: successfully reloaded assembly
- Completed reload, in  0.973 seconds
Platform modules already initialized, skipping
Refreshing native plugins compatible for Editor in 0.54 ms, found 4 plugins.
Preloading 0 native plugins for Editor in 0.00 ms.
Unloading 2395 Unused Serialized files (Serialized files now loaded: 0)
System memory in use before: 107.5 MB.
System memory in use after: 107.6 MB.

Unloading 24 unused Assets to reduce memory usage. Loaded Objects now: 2910.
Total: 2.476700 ms (FindLiveObjects: 0.292900 ms CreateObjectMapping: 0.169300 ms MarkObjects: 1.901200 ms  DeleteObjects: 0.112200 ms)

========================================================================
Received Prepare
Registering precompiled user dll's ...
Registered in 0.003208 seconds.
Begin MonoManager ReloadAssembly
Native extension for WindowsStandalone target not found
Refreshing native plugins compatible for Editor in 0.69 ms, found 4 plugins.
Preloading 0 native plugins for Editor in 0.00 ms.
Mono: successfully reloaded assembly
- Completed reload, in  0.994 seconds
Platform modules already initialized, skipping
Refreshing native plugins compatible for Editor in 0.51 ms, found 4 plugins.
Preloading 0 native plugins for Editor in 0.00 ms.
Unloading 2395 Unused Serialized files (Serialized files now loaded: 0)
System memory in use before: 107.5 MB.
System memory in use after: 107.6 MB.

Unloading 24 unused Assets to reduce memory usage. Loaded Objects now: 2914.
Total: 2.456000 ms (FindLiveObjects: 0.259700 ms CreateObjectMapping: 0.187700 ms MarkObjects: 1.905700 ms  DeleteObjects: 0.101600 ms)

========================================================================
Received Prepare
Registering precompiled user dll's ...
Registered in 0.002920 seconds.
Begin MonoManager ReloadAssembly
Native extension for WindowsStandalone target not found
Refreshing native plugins compatible for Editor in 0.53 ms, found 4 plugins.
Preloading 0 native plugins for Editor in 0.00 ms.
Mono: successfully reloaded assembly
- Completed reload, in  0.959 seconds
Platform modules already initialized, skipping
Refreshing native plugins compatible for Editor in 0.51 ms, found 4 plugins.
Preloading 0 native plugins for Editor in 0.00 ms.
Unloading 2395 Unused Serialized files (Serialized files now loaded: 0)
System memory in use before: 107.4 MB.
System memory in use after: 107.5 MB.

Unloading 24 unused Assets to reduce memory usage. Loaded Objects now: 2918.
Total: 2.883200 ms (FindLiveObjects: 0.307600 ms CreateObjectMapping: 0.211700 ms MarkObjects: 2.252400 ms  DeleteObjects: 0.110100 ms)

========================================================================
Received Prepare
Registering precompiled user dll's ...
Registered in 0.003113 seconds.
Begin MonoManager ReloadAssembly
Native extension for WindowsStandalone target not found
Refreshing native plugins compatible for Editor in 0.52 ms, found 4 plugins.
Preloading 0 native plugins for Editor in 0.00 ms.
Mono: successfully reloaded assembly
- Completed reload, in  1.023 seconds
Platform modules already initialized, skipping
Refreshing native plugins compatible for Editor in 0.50 ms, found 4 plugins.
Preloading 0 native plugins for Editor in 0.00 ms.
Unloading 2395 Unused Serialized files (Serialized files now loaded: 0)
System memory in use before: 107.5 MB.
System memory in use after: 107.6 MB.

Unloading 24 unused Assets to reduce memory usage. Loaded Objects now: 2922.
Total: 2.282900 ms (FindLiveObjects: 0.209800 ms CreateObjectMapping: 0.094900 ms MarkObjects: 1.870400 ms  DeleteObjects: 0.106800 ms)

========================================================================
Received Prepare
Registering precompiled user dll's ...
Registered in 0.003098 seconds.
Begin MonoManager ReloadAssembly
Native extension for WindowsStandalone target not found
Refreshing native plugins compatible for Editor in 0.55 ms, found 4 plugins.
Preloading 0 native plugins for Editor in 0.00 ms.
Mono: successfully reloaded assembly
- Completed reload, in  0.989 seconds
Platform modules already initialized, skipping
Refreshing native plugins compatible for Editor in 0.52 ms, found 4 plugins.
Preloading 0 native plugins for Editor in 0.00 ms.
Unloading 2395 Unused Serialized files (Serialized files now loaded: 0)
System memory in use before: 107.5 MB.
System memory in use after: 107.6 MB.

Unloading 24 unused Assets to reduce memory usage. Loaded Objects now: 2926.
Total: 2.270200 ms (FindLiveObjects: 0.215800 ms CreateObjectMapping: 0.095200 ms MarkObjects: 1.857700 ms  DeleteObjects: 0.100600 ms)

========================================================================
Received Prepare
Registering precompiled user dll's ...
Registered in 0.003144 seconds.
Begin MonoManager ReloadAssembly
Native extension for WindowsStandalone target not found
Refreshing native plugins compatible for Editor in 0.51 ms, found 4 plugins.
Preloading 0 native plugins for Editor in 0.00 ms.
Mono: successfully reloaded assembly
- Completed reload, in  1.019 seconds
Platform modules already initialized, skipping
Refreshing native plugins compatible for Editor in 0.55 ms, found 4 plugins.
Preloading 0 native plugins for Editor in 0.00 ms.
Unloading 2395 Unused Serialized files (Serialized files now loaded: 0)
System memory in use before: 107.5 MB.
System memory in use after: 107.6 MB.

Unloading 24 unused Assets to reduce memory usage. Loaded Objects now: 2930.
Total: 3.161700 ms (FindLiveObjects: 0.211300 ms CreateObjectMapping: 0.094400 ms MarkObjects: 2.469300 ms  DeleteObjects: 0.385100 ms)

========================================================================
Received Prepare
Registering precompiled user dll's ...
Registered in 0.097405 seconds.
Begin MonoManager ReloadAssembly
Native extension for WindowsStandalone target not found
Refreshing native plugins compatible for Editor in 0.54 ms, found 4 plugins.
Preloading 0 native plugins for Editor in 0.00 ms.
Mono: successfully reloaded assembly
- Completed reload, in  1.048 seconds
Platform modules already initialized, skipping
Refreshing native plugins compatible for Editor in 0.53 ms, found 4 plugins.
Preloading 0 native plugins for Editor in 0.00 ms.
Unloading 2395 Unused Serialized files (Serialized files now loaded: 0)
System memory in use before: 107.5 MB.
System memory in use after: 107.6 MB.

Unloading 24 unused Assets to reduce memory usage. Loaded Objects now: 2934.
Total: 2.656500 ms (FindLiveObjects: 0.213000 ms CreateObjectMapping: 0.094900 ms MarkObjects: 2.218800 ms  DeleteObjects: 0.128700 ms)

========================================================================
Received Import Request.
  Time since last request: 6846.249604 seconds.
  path: Assets/Scripts/DeviceCallback.cs
  artifactKey: Guid(dbc746139fb88904d8e0c4214e63bf72) Importer(815301076,1909f56bfc062723c751e8b465ee728b)
Start importing Assets/Scripts/DeviceCallback.cs using Guid(dbc746139fb88904d8e0c4214e63bf72) Importer(815301076,1909f56bfc062723c751e8b465ee728b)  -> (artifact id: '58d598a8ff4b9ddbcb9f581f481e2743') in 0.738393 seconds
  Import took 0.817154 seconds .

========================================================================
Received Import Request.
  Time since last request: 38.674514 seconds.
  path: Assets/Inputs/PianoJourney.inputactions
  artifactKey: Guid(4b2a29c55d819ce48b4a879a246443d1) Importer(815301076,1909f56bfc062723c751e8b465ee728b)
Start importing Assets/Inputs/PianoJourney.inputactions using Guid(4b2a29c55d819ce48b4a879a246443d1) Importer(815301076,1909f56bfc062723c751e8b465ee728b)  -> (artifact id: '0aad871ae2f18e24841d017c612ec2b0') in 0.041118 seconds
  Import took 0.082197 seconds .

========================================================================
Received Import Request.
  Time since last request: 0.002541 seconds.
  path: Assets/Inputs/PianoJourney.inputactions
  artifactKey: Guid(4b2a29c55d819ce48b4a879a246443d1) Importer(815301076,1909f56bfc062723c751e8b465ee728b)
Start importing Assets/Inputs/PianoJourney.inputactions using Guid(4b2a29c55d819ce48b4a879a246443d1) Importer(815301076,1909f56bfc062723c751e8b465ee728b)  -> (artifact id: '0aad871ae2f18e24841d017c612ec2b0') in 0.004139 seconds
  Import took 0.008399 seconds .

========================================================================
Received Prepare
Registering precompiled user dll's ...
Registered in 0.003098 seconds.
Begin MonoManager ReloadAssembly
Native extension for WindowsStandalone target not found
Refreshing native plugins compatible for Editor in 0.52 ms, found 4 plugins.
Preloading 0 native plugins for Editor in 0.00 ms.
Mono: successfully reloaded assembly
- Completed reload, in  0.987 seconds
Platform modules already initialized, skipping
Refreshing native plugins compatible for Editor in 0.50 ms, found 4 plugins.
Preloading 0 native plugins for Editor in 0.00 ms.
Unloading 2395 Unused Serialized files (Serialized files now loaded: 0)
System memory in use before: 107.5 MB.
System memory in use after: 107.5 MB.

Unloading 24 unused Assets to reduce memory usage. Loaded Objects now: 2938.
Total: 2.822900 ms (FindLiveObjects: 0.209700 ms CreateObjectMapping: 0.095100 ms MarkObjects: 2.406100 ms  DeleteObjects: 0.110800 ms)

========================================================================
Received Prepare
Registering precompiled user dll's ...
Registered in 0.003147 seconds.
Begin MonoManager ReloadAssembly
Native extension for WindowsStandalone target not found
Refreshing native plugins compatible for Editor in 0.51 ms, found 4 plugins.
Preloading 0 native plugins for Editor in 0.00 ms.
Mono: successfully reloaded assembly
- Completed reload, in  0.970 seconds
Platform modules already initialized, skipping
Refreshing native plugins compatible for Editor in 0.50 ms, found 4 plugins.
Preloading 0 native plugins for Editor in 0.00 ms.
Unloading 2395 Unused Serialized files (Serialized files now loaded: 0)
System memory in use before: 107.6 MB.
System memory in use after: 107.6 MB.

Unloading 24 unused Assets to reduce memory usage. Loaded Objects now: 2942.
Total: 2.293800 ms (FindLiveObjects: 0.206500 ms CreateObjectMapping: 0.096300 ms MarkObjects: 1.889800 ms  DeleteObjects: 0.100300 ms)

========================================================================
Received Import Request.
  Time since last request: 63.583226 seconds.
  path: Assets/Inputs/PianoJourney.inputactions
  artifactKey: Guid(4b2a29c55d819ce48b4a879a246443d1) Importer(815301076,1909f56bfc062723c751e8b465ee728b)
Start importing Assets/Inputs/PianoJourney.inputactions using Guid(4b2a29c55d819ce48b4a879a246443d1) Importer(815301076,1909f56bfc062723c751e8b465ee728b)  -> (artifact id: 'c1b8299cde4b17308252454bfc504eae') in 0.020865 seconds
  Import took 0.034636 seconds .

========================================================================
Received Import Request.
  Time since last request: 10.634390 seconds.
  path: Assets/Scripts/NoteCallback.cs
  artifactKey: Guid(7e2046f6c5e51374e8f12409a8f6a933) Importer(815301076,1909f56bfc062723c751e8b465ee728b)
Start importing Assets/Scripts/NoteCallback.cs using Guid(7e2046f6c5e51374e8f12409a8f6a933) Importer(815301076,1909f56bfc062723c751e8b465ee728b)  -> (artifact id: '436c7bf068438875a6ecdfda9076787c') in 0.006804 seconds
  Import took 0.010535 seconds .

========================================================================
Received Import Request.
  Time since last request: 0.023791 seconds.
  path: Assets/Scripts/NoteCallback.cs
  artifactKey: Guid(7e2046f6c5e51374e8f12409a8f6a933) Importer(815301076,1909f56bfc062723c751e8b465ee728b)
Start importing Assets/Scripts/NoteCallback.cs using Guid(7e2046f6c5e51374e8f12409a8f6a933) Importer(815301076,1909f56bfc062723c751e8b465ee728b)  -> (artifact id: '436c7bf068438875a6ecdfda9076787c') in 0.002861 seconds
  Import took 0.007287 seconds .

========================================================================
Received Prepare
Registering precompiled user dll's ...
Registered in 0.002991 seconds.
Begin MonoManager ReloadAssembly
Native extension for WindowsStandalone target not found
Refreshing native plugins compatible for Editor in 0.53 ms, found 4 plugins.
Preloading 0 native plugins for Editor in 0.00 ms.
Mono: successfully reloaded assembly
- Completed reload, in  0.956 seconds
Platform modules already initialized, skipping
Refreshing native plugins compatible for Editor in 0.49 ms, found 4 plugins.
Preloading 0 native plugins for Editor in 0.00 ms.
Unloading 2395 Unused Serialized files (Serialized files now loaded: 0)
System memory in use before: 107.6 MB.
System memory in use after: 107.6 MB.

Unloading 24 unused Assets to reduce memory usage. Loaded Objects now: 2946.
Total: 2.272100 ms (FindLiveObjects: 0.210900 ms CreateObjectMapping: 0.094500 ms MarkObjects: 1.864400 ms  DeleteObjects: 0.101500 ms)

========================================================================
Received Prepare
Registering precompiled user dll's ...
Registered in 0.002926 seconds.
Begin MonoManager ReloadAssembly
Native extension for WindowsStandalone target not found
Refreshing native plugins compatible for Editor in 0.52 ms, found 4 plugins.
Preloading 0 native plugins for Editor in 0.00 ms.
Mono: successfully reloaded assembly
- Completed reload, in  0.968 seconds
Platform modules already initialized, skipping
Refreshing native plugins compatible for Editor in 0.50 ms, found 4 plugins.
Preloading 0 native plugins for Editor in 0.00 ms.
Unloading 2395 Unused Serialized files (Serialized files now loaded: 0)
System memory in use before: 107.6 MB.
System memory in use after: 107.7 MB.

Unloading 24 unused Assets to reduce memory usage. Loaded Objects now: 2950.
Total: 2.245200 ms (FindLiveObjects: 0.205600 ms CreateObjectMapping: 0.094900 ms MarkObjects: 1.844600 ms  DeleteObjects: 0.099200 ms)

========================================================================
Received Import Request.
  Time since last request: 559.191551 seconds.
  path: Assets/Scripts/DeviceQuery.cs
  artifactKey: Guid(8a49b836dfc97f8429ce2a0651f5e0d1) Importer(815301076,1909f56bfc062723c751e8b465ee728b)
Start importing Assets/Scripts/DeviceQuery.cs using Guid(8a49b836dfc97f8429ce2a0651f5e0d1) Importer(815301076,1909f56bfc062723c751e8b465ee728b)  -> (artifact id: 'd5873ff1a5316312b02ad6b21a85aee0') in 0.738281 seconds
  Import took 0.790916 seconds .

AssetImportWorkerClient::OnTransportError - code=2 error=End of file
